/usr/lib/python2.7/site-packages/flask_sqlalchemy/__init__.py:839: FSADeprecationWarning: SQLALCHEMY_TRACK_MODIFICATIONS adds significant overhead and will be disabled by default in the future.  Set it to True or False to suppress this warning.
  'SQLALCHEMY_TRACK_MODIFICATIONS adds significant overhead and '
 * Running on http://0.0.0.0:5000/ (Press CTRL+C to quit)
 * Restarting with stat
/usr/lib/python2.7/site-packages/flask_sqlalchemy/__init__.py:839: FSADeprecationWarning: SQLALCHEMY_TRACK_MODIFICATIONS adds significant overhead and will be disabled by default in the future.  Set it to True or False to suppress this warning.
  'SQLALCHEMY_TRACK_MODIFICATIONS adds significant overhead and '
 * Debugger is active!
 * Debugger PIN: 846-586-466
/usr/lib/python2.7/site-packages/flask_sqlalchemy/__init__.py:839: FSADeprecationWarning: SQLALCHEMY_TRACK_MODIFICATIONS adds significant overhead and will be disabled by default in the future.  Set it to True or False to suppress this warning.
  'SQLALCHEMY_TRACK_MODIFICATIONS adds significant overhead and '
 * Running on http://0.0.0.0:5000/ (Press CTRL+C to quit)
 * Restarting with stat
/usr/lib/python2.7/site-packages/flask_sqlalchemy/__init__.py:839: FSADeprecationWarning: SQLALCHEMY_TRACK_MODIFICATIONS adds significant overhead and will be disabled by default in the future.  Set it to True or False to suppress this warning.
  'SQLALCHEMY_TRACK_MODIFICATIONS adds significant overhead and '
 * Debugger is active!
 * Debugger PIN: 846-586-466
10.66.88.59 - - [25/Aug/2017 13:30:45] "GET / HTTP/1.1" 302 -
10.66.88.59 - - [25/Aug/2017 13:31:00] "GET /login HTTP/1.1" 200 -
2017-08-25 13:32:58,213 INFO sqlalchemy.engine.base.Engine SHOW VARIABLES LIKE 'sql_mode'
2017-08-25 13:32:58,213 INFO sqlalchemy.engine.base.Engine ()
2017-08-25 13:32:58,216 INFO sqlalchemy.engine.base.Engine SELECT DATABASE()
2017-08-25 13:32:58,216 INFO sqlalchemy.engine.base.Engine ()
2017-08-25 13:32:58,217 INFO sqlalchemy.engine.base.Engine show collation where `Charset` = 'utf8' and `Collation` = 'utf8_bin'
2017-08-25 13:32:58,217 INFO sqlalchemy.engine.base.Engine ()
2017-08-25 13:32:58,220 INFO sqlalchemy.engine.base.Engine SELECT CAST('test plain returns' AS CHAR(60)) AS anon_1
2017-08-25 13:32:58,220 INFO sqlalchemy.engine.base.Engine ()
2017-08-25 13:32:58,222 INFO sqlalchemy.engine.base.Engine SELECT CAST('test unicode returns' AS CHAR(60)) AS anon_1
2017-08-25 13:32:58,222 INFO sqlalchemy.engine.base.Engine ()
2017-08-25 13:32:58,223 INFO sqlalchemy.engine.base.Engine SELECT CAST('test collated returns' AS CHAR CHARACTER SET utf8) COLLATE utf8_bin AS anon_1
2017-08-25 13:32:58,223 INFO sqlalchemy.engine.base.Engine ()
2017-08-25 13:32:58,225 INFO sqlalchemy.engine.base.Engine BEGIN (implicit)
2017-08-25 13:32:58,227 INFO sqlalchemy.engine.base.Engine SELECT students.name AS students_name, students.realname AS students_realname, students.password_hash AS students_password_hash, students.`isTeacher` AS `students_isTeacher` 
FROM students 
WHERE students.name = %s 
 LIMIT %s
2017-08-25 13:32:58,227 INFO sqlalchemy.engine.base.Engine ('15081224', 1)
2017-08-25 13:32:58,322 INFO sqlalchemy.engine.base.Engine ROLLBACK
10.66.88.59 - - [25/Aug/2017 13:32:58] "POST /login HTTP/1.1" 302 -
2017-08-25 13:32:58,360 INFO sqlalchemy.engine.base.Engine BEGIN (implicit)
2017-08-25 13:32:58,361 INFO sqlalchemy.engine.base.Engine SELECT teachers.name AS teachers_name, teachers.realname AS teachers_realname, teachers.password_hash AS teachers_password_hash, teachers.`isTeacher` AS `teachers_isTeacher` 
FROM teachers 
WHERE teachers.name = %s 
 LIMIT %s
2017-08-25 13:32:58,362 INFO sqlalchemy.engine.base.Engine ('15081224', 1)
2017-08-25 13:32:58,365 INFO sqlalchemy.engine.base.Engine SELECT students.name AS students_name, students.realname AS students_realname, students.password_hash AS students_password_hash, students.`isTeacher` AS `students_isTeacher` 
FROM students 
WHERE students.name = %s 
 LIMIT %s
2017-08-25 13:32:58,365 INFO sqlalchemy.engine.base.Engine ('15081224', 1)
2017-08-25 13:32:58,367 INFO sqlalchemy.engine.base.Engine SELECT students.name AS students_name, students.realname AS students_realname, students.password_hash AS students_password_hash, students.`isTeacher` AS `students_isTeacher` 
FROM students 
WHERE students.name = %s 
 LIMIT %s
2017-08-25 13:32:58,368 INFO sqlalchemy.engine.base.Engine ('15081224', 1)
2017-08-25 13:32:58,371 INFO sqlalchemy.engine.base.Engine SELECT courses.name AS courses_name, courses.description AS courses_description, courses.`teacherName` AS `courses_teacherName`, courses.`courseNums` AS `courses_courseNums` 
FROM courses, registrations 
WHERE %s = registrations.`studentName` AND courses.name = registrations.`courseName`
2017-08-25 13:32:58,372 INFO sqlalchemy.engine.base.Engine ('15081224',)
2017-08-25 13:32:58,391 INFO sqlalchemy.engine.base.Engine ROLLBACK
10.66.88.59 - - [25/Aug/2017 13:32:58] "GET /list_courses HTTP/1.1" 200 -
2017-08-25 13:33:04,546 INFO sqlalchemy.engine.base.Engine BEGIN (implicit)
2017-08-25 13:33:04,547 INFO sqlalchemy.engine.base.Engine SELECT teachers.name AS teachers_name, teachers.realname AS teachers_realname, teachers.password_hash AS teachers_password_hash, teachers.`isTeacher` AS `teachers_isTeacher` 
FROM teachers 
WHERE teachers.name = %s 
 LIMIT %s
2017-08-25 13:33:04,547 INFO sqlalchemy.engine.base.Engine ('15081224', 1)
2017-08-25 13:33:04,553 INFO sqlalchemy.engine.base.Engine SELECT students.name AS students_name, students.realname AS students_realname, students.password_hash AS students_password_hash, students.`isTeacher` AS `students_isTeacher` 
FROM students 
WHERE students.name = %s 
 LIMIT %s
2017-08-25 13:33:04,553 INFO sqlalchemy.engine.base.Engine ('15081224', 1)
2017-08-25 13:33:04,558 INFO sqlalchemy.engine.base.Engine ROLLBACK
10.66.88.59 - - [25/Aug/2017 13:33:04] "GET /logout HTTP/1.1" 302 -
10.66.88.59 - - [25/Aug/2017 13:33:04] "GET / HTTP/1.1" 302 -
10.66.88.59 - - [25/Aug/2017 13:33:04] "GET /login HTTP/1.1" 200 -
10.66.88.59 - - [26/Aug/2017 05:54:54] "GET / HTTP/1.1" 302 -
10.66.88.59 - - [26/Aug/2017 05:55:04] "GET /login HTTP/1.1" 200 -
10.66.88.59 - - [26/Aug/2017 05:55:04] "GET /static/demo.css HTTP/1.1" 304 -
10.66.88.59 - - [26/Aug/2017 05:55:04] "GET /static/bootstrap.css HTTP/1.1" 304 -
10.66.88.59 - - [26/Aug/2017 05:55:04] "GET /static/cover.css HTTP/1.1" 304 -
10.66.88.59 - - [26/Aug/2017 05:55:04] "GET /static/ckeditor/ckeditor.js HTTP/1.1" 200 -
10.66.88.59 - - [26/Aug/2017 05:55:07] "GET /register HTTP/1.1" 200 -
10.66.88.59 - - [26/Aug/2017 05:55:08] "GET / HTTP/1.1" 302 -
10.66.88.59 - - [26/Aug/2017 05:55:08] "GET /login HTTP/1.1" 200 -
10.66.88.59 - - [26/Aug/2017 05:55:09] "GET /register HTTP/1.1" 200 -
10.66.88.59 - - [26/Aug/2017 05:55:11] "GET / HTTP/1.1" 302 -
10.66.88.59 - - [26/Aug/2017 05:55:11] "GET /login HTTP/1.1" 200 -
10.66.88.59 - - [26/Aug/2017 05:55:12] "GET /register HTTP/1.1" 200 -
10.66.88.59 - - [26/Aug/2017 05:55:14] "GET / HTTP/1.1" 302 -
10.66.88.59 - - [26/Aug/2017 05:55:14] "GET /login HTTP/1.1" 200 -
2017-08-26 05:55:32,406 INFO sqlalchemy.engine.base.Engine BEGIN (implicit)
2017-08-26 05:55:32,408 INFO sqlalchemy.engine.base.Engine SELECT students.name AS students_name, students.realname AS students_realname, students.password_hash AS students_password_hash, students.`isTeacher` AS `students_isTeacher` 
FROM students 
WHERE students.name = %s 
 LIMIT %s
2017-08-26 05:55:32,408 INFO sqlalchemy.engine.base.Engine ('15081224', 1)
2017-08-26 05:55:32,506 INFO sqlalchemy.engine.base.Engine ROLLBACK
10.66.88.59 - - [26/Aug/2017 05:55:32] "POST /login HTTP/1.1" 200 -
2017-08-26 05:55:35,808 INFO sqlalchemy.engine.base.Engine BEGIN (implicit)
2017-08-26 05:55:35,809 INFO sqlalchemy.engine.base.Engine SELECT students.name AS students_name, students.realname AS students_realname, students.password_hash AS students_password_hash, students.`isTeacher` AS `students_isTeacher` 
FROM students 
WHERE students.name = %s 
 LIMIT %s
2017-08-26 05:55:35,810 INFO sqlalchemy.engine.base.Engine ('15081224', 1)
2017-08-26 05:55:35,905 INFO sqlalchemy.engine.base.Engine ROLLBACK
10.66.88.59 - - [26/Aug/2017 05:55:35] "POST /login HTTP/1.1" 302 -
2017-08-26 05:55:35,919 INFO sqlalchemy.engine.base.Engine BEGIN (implicit)
2017-08-26 05:55:35,920 INFO sqlalchemy.engine.base.Engine SELECT teachers.name AS teachers_name, teachers.realname AS teachers_realname, teachers.password_hash AS teachers_password_hash, teachers.`isTeacher` AS `teachers_isTeacher` 
FROM teachers 
WHERE teachers.name = %s 
 LIMIT %s
2017-08-26 05:55:35,920 INFO sqlalchemy.engine.base.Engine ('15081224', 1)
2017-08-26 05:55:35,922 INFO sqlalchemy.engine.base.Engine SELECT students.name AS students_name, students.realname AS students_realname, students.password_hash AS students_password_hash, students.`isTeacher` AS `students_isTeacher` 
FROM students 
WHERE students.name = %s 
 LIMIT %s
2017-08-26 05:55:35,922 INFO sqlalchemy.engine.base.Engine ('15081224', 1)
2017-08-26 05:55:35,924 INFO sqlalchemy.engine.base.Engine SELECT students.name AS students_name, students.realname AS students_realname, students.password_hash AS students_password_hash, students.`isTeacher` AS `students_isTeacher` 
FROM students 
WHERE students.name = %s 
 LIMIT %s
2017-08-26 05:55:35,924 INFO sqlalchemy.engine.base.Engine ('15081224', 1)
2017-08-26 05:55:35,926 INFO sqlalchemy.engine.base.Engine SELECT courses.name AS courses_name, courses.description AS courses_description, courses.`teacherName` AS `courses_teacherName`, courses.`courseNums` AS `courses_courseNums` 
FROM courses, registrations 
WHERE %s = registrations.`studentName` AND courses.name = registrations.`courseName`
2017-08-26 05:55:35,927 INFO sqlalchemy.engine.base.Engine ('15081224',)
2017-08-26 05:55:35,930 INFO sqlalchemy.engine.base.Engine ROLLBACK
10.66.88.59 - - [26/Aug/2017 05:55:35] "GET /list_courses HTTP/1.1" 200 -
10.66.88.59 - - [26/Aug/2017 05:55:35] "GET /static/content-static/bootstrap.css HTTP/1.1" 304 -
10.66.88.59 - - [26/Aug/2017 05:55:35] "GET /static/content-static/offcanvas.css HTTP/1.1" 304 -
2017-08-26 05:56:15,643 INFO sqlalchemy.engine.base.Engine BEGIN (implicit)
2017-08-26 05:56:15,645 INFO sqlalchemy.engine.base.Engine SELECT teachers.name AS teachers_name, teachers.realname AS teachers_realname, teachers.password_hash AS teachers_password_hash, teachers.`isTeacher` AS `teachers_isTeacher` 
FROM teachers 
WHERE teachers.name = %s 
 LIMIT %s
2017-08-26 05:56:15,645 INFO sqlalchemy.engine.base.Engine ('15081224', 1)
2017-08-26 05:56:15,648 INFO sqlalchemy.engine.base.Engine SELECT students.name AS students_name, students.realname AS students_realname, students.password_hash AS students_password_hash, students.`isTeacher` AS `students_isTeacher` 
FROM students 
WHERE students.name = %s 
 LIMIT %s
2017-08-26 05:56:15,648 INFO sqlalchemy.engine.base.Engine ('15081224', 1)
2017-08-26 05:56:15,658 INFO sqlalchemy.engine.base.Engine ROLLBACK
10.66.88.59 - - [26/Aug/2017 05:56:15] "GET /static/content-static/bootstrap.min.css.map HTTP/1.1" 404 -
2017-08-26 05:56:45,944 INFO sqlalchemy.engine.base.Engine BEGIN (implicit)
2017-08-26 05:56:45,946 INFO sqlalchemy.engine.base.Engine SELECT teachers.name AS teachers_name, teachers.realname AS teachers_realname, teachers.password_hash AS teachers_password_hash, teachers.`isTeacher` AS `teachers_isTeacher` 
FROM teachers 
WHERE teachers.name = %s 
 LIMIT %s
2017-08-26 05:56:45,946 INFO sqlalchemy.engine.base.Engine ('15081224', 1)
2017-08-26 05:56:45,950 INFO sqlalchemy.engine.base.Engine SELECT students.name AS students_name, students.realname AS students_realname, students.password_hash AS students_password_hash, students.`isTeacher` AS `students_isTeacher` 
FROM students 
WHERE students.name = %s 
 LIMIT %s
2017-08-26 05:56:45,950 INFO sqlalchemy.engine.base.Engine ('15081224', 1)
2017-08-26 05:56:45,954 INFO sqlalchemy.engine.base.Engine ROLLBACK
10.66.88.59 - - [26/Aug/2017 05:56:45] "GET /static/content-static/bootstrap.min.css.map HTTP/1.1" 404 -
2017-08-26 06:05:29,412 INFO sqlalchemy.engine.base.Engine BEGIN (implicit)
2017-08-26 06:05:29,415 INFO sqlalchemy.engine.base.Engine SELECT teachers.name AS teachers_name, teachers.realname AS teachers_realname, teachers.password_hash AS teachers_password_hash, teachers.`isTeacher` AS `teachers_isTeacher` 
FROM teachers 
WHERE teachers.name = %s 
 LIMIT %s
2017-08-26 06:05:29,415 INFO sqlalchemy.engine.base.Engine ('15081224', 1)
2017-08-26 06:05:29,419 INFO sqlalchemy.engine.base.Engine SELECT students.name AS students_name, students.realname AS students_realname, students.password_hash AS students_password_hash, students.`isTeacher` AS `students_isTeacher` 
FROM students 
WHERE students.name = %s 
 LIMIT %s
2017-08-26 06:05:29,419 INFO sqlalchemy.engine.base.Engine ('15081224', 1)
2017-08-26 06:05:29,423 INFO sqlalchemy.engine.base.Engine ROLLBACK
10.66.88.59 - - [26/Aug/2017 06:05:29] "GET /favicon.ico HTTP/1.1" 404 -
2017-08-26 06:06:48,933 INFO sqlalchemy.engine.base.Engine BEGIN (implicit)
2017-08-26 06:06:48,935 INFO sqlalchemy.engine.base.Engine SELECT teachers.name AS teachers_name, teachers.realname AS teachers_realname, teachers.password_hash AS teachers_password_hash, teachers.`isTeacher` AS `teachers_isTeacher` 
FROM teachers 
WHERE teachers.name = %s 
 LIMIT %s
2017-08-26 06:06:48,935 INFO sqlalchemy.engine.base.Engine ('15081224', 1)
2017-08-26 06:06:48,938 INFO sqlalchemy.engine.base.Engine SELECT students.name AS students_name, students.realname AS students_realname, students.password_hash AS students_password_hash, students.`isTeacher` AS `students_isTeacher` 
FROM students 
WHERE students.name = %s 
 LIMIT %s
2017-08-26 06:06:48,938 INFO sqlalchemy.engine.base.Engine ('15081224', 1)
2017-08-26 06:06:48,941 INFO sqlalchemy.engine.base.Engine SELECT students.name AS students_name, students.realname AS students_realname, students.password_hash AS students_password_hash, students.`isTeacher` AS `students_isTeacher` 
FROM students 
WHERE students.name = %s 
 LIMIT %s
2017-08-26 06:06:48,941 INFO sqlalchemy.engine.base.Engine ('15081224', 1)
2017-08-26 06:06:48,944 INFO sqlalchemy.engine.base.Engine SELECT courses.name AS courses_name, courses.description AS courses_description, courses.`teacherName` AS `courses_teacherName`, courses.`courseNums` AS `courses_courseNums` 
FROM courses, registrations 
WHERE %s = registrations.`studentName` AND courses.name = registrations.`courseName`
2017-08-26 06:06:48,944 INFO sqlalchemy.engine.base.Engine ('15081224',)
2017-08-26 06:06:48,948 INFO sqlalchemy.engine.base.Engine ROLLBACK
10.66.88.59 - - [26/Aug/2017 06:06:48] "GET /list_courses HTTP/1.1" 200 -
10.66.88.59 - - [26/Aug/2017 06:06:49] "GET /static/favicon.ico HTTP/1.1" 200 -
2017-08-26 06:06:50,415 INFO sqlalchemy.engine.base.Engine BEGIN (implicit)
2017-08-26 06:06:50,419 INFO sqlalchemy.engine.base.Engine SELECT teachers.name AS teachers_name, teachers.realname AS teachers_realname, teachers.password_hash AS teachers_password_hash, teachers.`isTeacher` AS `teachers_isTeacher` 
FROM teachers 
WHERE teachers.name = %s 
 LIMIT %s
2017-08-26 06:06:50,420 INFO sqlalchemy.engine.base.Engine ('15081224', 1)
2017-08-26 06:06:50,422 INFO sqlalchemy.engine.base.Engine SELECT students.name AS students_name, students.realname AS students_realname, students.password_hash AS students_password_hash, students.`isTeacher` AS `students_isTeacher` 
FROM students 
WHERE students.name = %s 
 LIMIT %s
2017-08-26 06:06:50,423 INFO sqlalchemy.engine.base.Engine ('15081224', 1)
2017-08-26 06:06:50,425 INFO sqlalchemy.engine.base.Engine SELECT students.name AS students_name, students.realname AS students_realname, students.password_hash AS students_password_hash, students.`isTeacher` AS `students_isTeacher` 
FROM students 
WHERE students.name = %s 
 LIMIT %s
2017-08-26 06:06:50,425 INFO sqlalchemy.engine.base.Engine ('15081224', 1)
2017-08-26 06:06:50,428 INFO sqlalchemy.engine.base.Engine SELECT courses.name AS courses_name, courses.description AS courses_description, courses.`teacherName` AS `courses_teacherName`, courses.`courseNums` AS `courses_courseNums` 
FROM courses, registrations 
WHERE %s = registrations.`studentName` AND courses.name = registrations.`courseName`
2017-08-26 06:06:50,428 INFO sqlalchemy.engine.base.Engine ('15081224',)
2017-08-26 06:06:50,432 INFO sqlalchemy.engine.base.Engine ROLLBACK
10.66.88.59 - - [26/Aug/2017 06:06:50] "GET /list_courses HTTP/1.1" 200 -
2017-08-26 06:06:51,135 INFO sqlalchemy.engine.base.Engine BEGIN (implicit)
2017-08-26 06:06:51,136 INFO sqlalchemy.engine.base.Engine SELECT teachers.name AS teachers_name, teachers.realname AS teachers_realname, teachers.password_hash AS teachers_password_hash, teachers.`isTeacher` AS `teachers_isTeacher` 
FROM teachers 
WHERE teachers.name = %s 
 LIMIT %s
2017-08-26 06:06:51,136 INFO sqlalchemy.engine.base.Engine ('15081224', 1)
2017-08-26 06:06:51,139 INFO sqlalchemy.engine.base.Engine SELECT students.name AS students_name, students.realname AS students_realname, students.password_hash AS students_password_hash, students.`isTeacher` AS `students_isTeacher` 
FROM students 
WHERE students.name = %s 
 LIMIT %s
2017-08-26 06:06:51,139 INFO sqlalchemy.engine.base.Engine ('15081224', 1)
2017-08-26 06:06:51,142 INFO sqlalchemy.engine.base.Engine ROLLBACK
10.66.88.59 - - [26/Aug/2017 06:06:51] "GET /static/content-static/bootstrap.min.css.map HTTP/1.1" 404 -
2017-08-26 06:06:57,479 INFO sqlalchemy.engine.base.Engine BEGIN (implicit)
2017-08-26 06:06:57,480 INFO sqlalchemy.engine.base.Engine SELECT teachers.name AS teachers_name, teachers.realname AS teachers_realname, teachers.password_hash AS teachers_password_hash, teachers.`isTeacher` AS `teachers_isTeacher` 
FROM teachers 
WHERE teachers.name = %s 
 LIMIT %s
2017-08-26 06:06:57,481 INFO sqlalchemy.engine.base.Engine ('15081224', 1)
2017-08-26 06:06:57,484 INFO sqlalchemy.engine.base.Engine SELECT students.name AS students_name, students.realname AS students_realname, students.password_hash AS students_password_hash, students.`isTeacher` AS `students_isTeacher` 
FROM students 
WHERE students.name = %s 
 LIMIT %s
2017-08-26 06:06:57,484 INFO sqlalchemy.engine.base.Engine ('15081224', 1)
2017-08-26 06:06:57,488 INFO sqlalchemy.engine.base.Engine ROLLBACK
10.66.88.59 - - [26/Aug/2017 06:06:57] "GET /static/content-static/bootstrap.min.css.map HTTP/1.1" 404 -
2017-08-26 06:07:29,771 INFO sqlalchemy.engine.base.Engine BEGIN (implicit)
2017-08-26 06:07:29,772 INFO sqlalchemy.engine.base.Engine SELECT teachers.name AS teachers_name, teachers.realname AS teachers_realname, teachers.password_hash AS teachers_password_hash, teachers.`isTeacher` AS `teachers_isTeacher` 
FROM teachers 
WHERE teachers.name = %s 
 LIMIT %s
2017-08-26 06:07:29,772 INFO sqlalchemy.engine.base.Engine ('15081224', 1)
2017-08-26 06:07:29,775 INFO sqlalchemy.engine.base.Engine SELECT students.name AS students_name, students.realname AS students_realname, students.password_hash AS students_password_hash, students.`isTeacher` AS `students_isTeacher` 
FROM students 
WHERE students.name = %s 
 LIMIT %s
2017-08-26 06:07:29,775 INFO sqlalchemy.engine.base.Engine ('15081224', 1)
2017-08-26 06:07:29,778 INFO sqlalchemy.engine.base.Engine SELECT students.name AS students_name, students.realname AS students_realname, students.password_hash AS students_password_hash, students.`isTeacher` AS `students_isTeacher` 
FROM students 
WHERE students.name = %s 
 LIMIT %s
2017-08-26 06:07:29,778 INFO sqlalchemy.engine.base.Engine ('15081224', 1)
2017-08-26 06:07:29,782 INFO sqlalchemy.engine.base.Engine SELECT courses.name AS courses_name, courses.description AS courses_description, courses.`teacherName` AS `courses_teacherName`, courses.`courseNums` AS `courses_courseNums` 
FROM courses, registrations 
WHERE %s = registrations.`studentName` AND courses.name = registrations.`courseName`
2017-08-26 06:07:29,782 INFO sqlalchemy.engine.base.Engine ('15081224',)
2017-08-26 06:07:29,786 INFO sqlalchemy.engine.base.Engine ROLLBACK
10.66.88.59 - - [26/Aug/2017 06:07:29] "GET /list_courses HTTP/1.1" 200 -
2017-08-26 06:07:30,220 INFO sqlalchemy.engine.base.Engine BEGIN (implicit)
2017-08-26 06:07:30,221 INFO sqlalchemy.engine.base.Engine SELECT teachers.name AS teachers_name, teachers.realname AS teachers_realname, teachers.password_hash AS teachers_password_hash, teachers.`isTeacher` AS `teachers_isTeacher` 
FROM teachers 
WHERE teachers.name = %s 
 LIMIT %s
2017-08-26 06:07:30,221 INFO sqlalchemy.engine.base.Engine ('15081224', 1)
2017-08-26 06:07:30,224 INFO sqlalchemy.engine.base.Engine SELECT students.name AS students_name, students.realname AS students_realname, students.password_hash AS students_password_hash, students.`isTeacher` AS `students_isTeacher` 
FROM students 
WHERE students.name = %s 
 LIMIT %s
2017-08-26 06:07:30,224 INFO sqlalchemy.engine.base.Engine ('15081224', 1)
2017-08-26 06:07:30,228 INFO sqlalchemy.engine.base.Engine ROLLBACK
10.66.88.59 - - [26/Aug/2017 06:07:30] "GET /static/content-static/bootstrap.min.css.map HTTP/1.1" 404 -
2017-08-26 06:12:08,430 INFO sqlalchemy.engine.base.Engine BEGIN (implicit)
2017-08-26 06:12:08,432 INFO sqlalchemy.engine.base.Engine SELECT teachers.name AS teachers_name, teachers.realname AS teachers_realname, teachers.password_hash AS teachers_password_hash, teachers.`isTeacher` AS `teachers_isTeacher` 
FROM teachers 
WHERE teachers.name = %s 
 LIMIT %s
2017-08-26 06:12:08,432 INFO sqlalchemy.engine.base.Engine ('15081224', 1)
2017-08-26 06:12:08,435 INFO sqlalchemy.engine.base.Engine SELECT students.name AS students_name, students.realname AS students_realname, students.password_hash AS students_password_hash, students.`isTeacher` AS `students_isTeacher` 
FROM students 
WHERE students.name = %s 
 LIMIT %s
2017-08-26 06:12:08,435 INFO sqlalchemy.engine.base.Engine ('15081224', 1)
2017-08-26 06:12:08,438 INFO sqlalchemy.engine.base.Engine SELECT students.name AS students_name, students.realname AS students_realname, students.password_hash AS students_password_hash, students.`isTeacher` AS `students_isTeacher` 
FROM students 
WHERE students.name = %s 
 LIMIT %s
2017-08-26 06:12:08,438 INFO sqlalchemy.engine.base.Engine ('15081224', 1)
2017-08-26 06:12:08,441 INFO sqlalchemy.engine.base.Engine SELECT courses.name AS courses_name, courses.description AS courses_description, courses.`teacherName` AS `courses_teacherName`, courses.`courseNums` AS `courses_courseNums` 
FROM courses, registrations 
WHERE %s = registrations.`studentName` AND courses.name = registrations.`courseName`
2017-08-26 06:12:08,441 INFO sqlalchemy.engine.base.Engine ('15081224',)
2017-08-26 06:12:08,445 INFO sqlalchemy.engine.base.Engine ROLLBACK
10.66.88.59 - - [26/Aug/2017 06:12:08] "GET /list_courses HTTP/1.1" 200 -
10.66.88.59 - - [26/Aug/2017 06:12:08] "GET /static/favicon.ico HTTP/1.1" 200 -
2017-08-26 06:13:31,841 INFO sqlalchemy.engine.base.Engine BEGIN (implicit)
2017-08-26 06:13:31,842 INFO sqlalchemy.engine.base.Engine SELECT teachers.name AS teachers_name, teachers.realname AS teachers_realname, teachers.password_hash AS teachers_password_hash, teachers.`isTeacher` AS `teachers_isTeacher` 
FROM teachers 
WHERE teachers.name = %s 
 LIMIT %s
2017-08-26 06:13:31,842 INFO sqlalchemy.engine.base.Engine ('15081224', 1)
2017-08-26 06:13:31,846 INFO sqlalchemy.engine.base.Engine SELECT students.name AS students_name, students.realname AS students_realname, students.password_hash AS students_password_hash, students.`isTeacher` AS `students_isTeacher` 
FROM students 
WHERE students.name = %s 
 LIMIT %s
2017-08-26 06:13:31,846 INFO sqlalchemy.engine.base.Engine ('15081224', 1)
2017-08-26 06:13:31,851 INFO sqlalchemy.engine.base.Engine ROLLBACK
10.66.88.59 - - [26/Aug/2017 06:13:31] "GET /static/content-static/bootstrap.min.css.map HTTP/1.1" 404 -
2017-08-26 06:14:46,515 INFO sqlalchemy.engine.base.Engine BEGIN (implicit)
2017-08-26 06:14:46,516 INFO sqlalchemy.engine.base.Engine SELECT teachers.name AS teachers_name, teachers.realname AS teachers_realname, teachers.password_hash AS teachers_password_hash, teachers.`isTeacher` AS `teachers_isTeacher` 
FROM teachers 
WHERE teachers.name = %s 
 LIMIT %s
2017-08-26 06:14:46,516 INFO sqlalchemy.engine.base.Engine ('15081224', 1)
2017-08-26 06:14:46,520 INFO sqlalchemy.engine.base.Engine SELECT students.name AS students_name, students.realname AS students_realname, students.password_hash AS students_password_hash, students.`isTeacher` AS `students_isTeacher` 
FROM students 
WHERE students.name = %s 
 LIMIT %s
2017-08-26 06:14:46,520 INFO sqlalchemy.engine.base.Engine ('15081224', 1)
2017-08-26 06:14:46,523 INFO sqlalchemy.engine.base.Engine ROLLBACK
10.66.88.59 - - [26/Aug/2017 06:14:46] "GET /static/content-static/bootstrap.min.css.map HTTP/1.1" 404 -
